#
# A fatal error has been detected by the Java Runtime Environment:
#
#  SIGSEGV (0xb) at pc=0x00007f177f2eba03, pid=12675, tid=139738855229184
#
# JRE version: OpenJDK Runtime Environment (7.0_79-b14) (build 1.7.0_79-b14)
# Java VM: OpenJDK 64-Bit Server VM (24.79-b02 mixed mode linux-amd64 compressed oops)
# Derivative: IcedTea 2.5.6
# Distribution: Debian GNU/Linux 8.1 (jessie), package 7u79-2.5.6-1~deb8u1
# Problematic frame:
# V  [libjvm.so+0x855a03]  MoveAndUpdateClosure::do_addr(HeapWord*, unsigned long)+0x93
#
# Failed to write core dump. Core dumps have been disabled. To enable core dumping, try "ulimit -c unlimited" before starting Java again
#
# If you would like to submit a bug report, please include
# instructions on how to reproduce the bug and visit:
#   http://icedtea.classpath.org/bugzilla
#

---------------  T H R E A D  ---------------

Current thread (0x00007f1778021800):  GCTaskThread [stack: 0x00007f177cc3c000,0x00007f177cd3d000] [id=12683]

siginfo:si_signo=SIGSEGV: si_errno=0, si_code=1 (SEGV_MAPERR), si_addr=0x000000009be349a8

Registers:
RAX=0x000000009be34990, RBX=0x00007f177cd3bce0, RCX=0x0000000000000000, RDX=0x000000009be34990
RSP=0x00007f177cd3bbb0, RBP=0x00007f177cd3bc10, RSI=0x0000000000000001, RDI=0x000000009be34990
R8 =0x3ff0000000000000, R9 =0x00007f177806e8a0, R10=0x0000000000000000, R11=0xd1d2028800000001
R12=0x0000000000000009, R13=0x00000000d1d1fb38, R14=0x0000000000000048, R15=0x00007f177f8926d0
RIP=0x00007f177f2eba03, EFLAGS=0x0000000000010206, CSGSFS=0x0000000000000033, ERR=0x0000000000000004
  TRAPNO=0x000000000000000e

Top of Stack: (sp=0x00007f177cd3bbb0)
0x00007f177cd3bbb0:   00000000d1dff8f8 0000000000008208
0x00007f177cd3bbc0:   00007f17806c9f40 00007f177f8926d0
0x00007f177cd3bbd0:   00007f177cd3bc10 00007f177f2eb639
0x00007f177cd3bbe0:   00007f177f8b7080 00000000000b1c00
0x00007f177cd3bbf0:   00007f177f885aa8 00007f177cd3bce0
0x00007f177cd3bc00:   0000000002c70000 00007f177f8b7080
0x00007f177cd3bc10:   00007f177cd3bc60 00007f177f2a1b92
0x00007f177cd3bc20:   0000000002c64050 0000000002c70000
0x00007f177cd3bc30:   00007f1778021800 00000000d1d80000
0x00007f177cd3bc40:   00000000000002c6 00007f177cd3bce0
0x00007f177cd3bc50:   00007f177f8b3208 00000000000002c7
0x00007f177cd3bc60:   00007f177cd3bd50 00007f177f2ee012
0x00007f177cd3bc70:   00007f177806e8b0 0000000000000000
0x00007f177cd3bc80:   00007f1778022d28 0000000000000000
0x00007f177cd3bc90:   00007f17802b3609 00007f177f056158
0x00007f177cd3bca0:   0000000000000048 00007f17806c9ef0
0x00007f177cd3bcb0:   00007f177cd3bcd4 00007f177cd3bcd8
0x00007f177cd3bcc0:   00007f177806e8a0 00007f177cd3bce0
0x00007f177cd3bcd0:   000000017806e8b0 00000000d61ff718
0x00007f177cd3bce0:   00007f177f7f4a70 00007f177f8b7080
0x00007f177cd3bcf0:   00007f177806e8a0 000000000000c099
0x00007f177cd3bd00:   00000000d1d20240 00007f177801aef0
0x00007f177cd3bd10:   00000000d1d1fb38 83e530897b1e9000
0x00007f177cd3bd20:   00007f177801f4e0 00007f177806e500
0x00007f177cd3bd30:   00007f177806e8a0 0000000000000000
0x00007f177cd3bd40:   00007f177f8b3208 00007f174c012d90
0x00007f177cd3bd50:   00007f177cd3bdb0 00007f177f2e05f4
0x00007f177cd3bd60:   0000000000000000 0000000000000000
0x00007f177cd3bd70:   00007f1778021800 0000000000000001
0x00007f177cd3bd80:   00007f177cd3bdd0 00007f177806e8a0
0x00007f177cd3bd90:   0000000000000001 00007f177f8ae458
0x00007f177cd3bda0:   00007f177801f401 00007f174c012d90 

Instructions: (pc=0x00007f177f2eba03)
0x00007f177f2eb9e3:   2b 5c 00 4c 8b 4b 10 0f b6 30 40 84 f6 75 5e 49
0x00007f177f2eb9f3:   8b 45 08 48 39 05 1b b8 5c 00 0f 86 8d 00 00 00
0x00007f177f2eba03:   81 78 18 ff ff ff bf 77 14 48 8d 78 10 48 8b 40
0x00007f177f2eba13:   10 4c 89 ea 4c 89 ce ff 90 e8 00 00 00 48 8b 43 

Register to memory mapping:

RAX=0x000000009be34990 is an unknown value
RBX=0x00007f177cd3bce0 is an unknown value
RCX=0x0000000000000000 is an unknown value
RDX=0x000000009be34990 is an unknown value
RSP=0x00007f177cd3bbb0 is an unknown value
RBP=0x00007f177cd3bc10 is an unknown value
RSI=0x0000000000000001 is an unknown value
RDI=0x000000009be34990 is an unknown value
R8 =0x3ff0000000000000 is an unknown value
R9 =0x00007f177806e8a0 is an unknown value
R10=0x0000000000000000 is an unknown value
R11=0xd1d2028800000001 is an unknown value
R12=0x0000000000000009 is an unknown value
R13=
[error occurred during error reporting (printing register info), id 0xb]

Stack: [0x00007f177cc3c000,0x00007f177cd3d000],  sp=0x00007f177cd3bbb0,  free space=1022k
Native frames: (J=compiled Java code, j=interpreted, Vv=VM code, C=native code)
V  [libjvm.so+0x855a03]  MoveAndUpdateClosure::do_addr(HeapWord*, unsigned long)+0x93
V  [libjvm.so+0x80bb92]  ParMarkBitMap::iterate(ParMarkBitMapClosure*, unsigned long, unsigned long) const+0x132
V  [libjvm.so+0x858012]  PSParallelCompact::fill_region(ParCompactionManager*, unsigned long)+0x2a2
V  [libjvm.so+0x84a5f4]  ParCompactionManager::drain_region_stacks()+0x144
V  [libjvm.so+0x8317b8]  DrainStacksCompactionTask::do_it(GCTaskManager*, unsigned int)+0xb8
V  [libjvm.so+0x5527d2]  GCTaskThread::run()+0x172
V  [libjvm.so+0x7f05a2]  java_start(Thread*)+0xf2


---------------  P R O C E S S  ---------------

Java Threads: ( => current thread )
  0x00007f17780a9800 JavaThread "Service Thread" daemon [_thread_blocked, id=12690, stack(0x00007f177223d000,0x00007f177233e000)]
  0x00007f17780a7800 JavaThread "C2 CompilerThread1" daemon [_thread_blocked, id=12689, stack(0x00007f177233e000,0x00007f177243f000)]
  0x00007f17780a4800 JavaThread "C2 CompilerThread0" daemon [_thread_blocked, id=12688, stack(0x00007f177243f000,0x00007f1772540000)]
  0x00007f17780a2800 JavaThread "Signal Dispatcher" daemon [_thread_blocked, id=12687, stack(0x00007f1772540000,0x00007f1772641000)]
  0x00007f1778077800 JavaThread "Finalizer" daemon [_thread_blocked, id=12686, stack(0x00007f17727ca000,0x00007f17728cb000)]
  0x00007f1778075800 JavaThread "Reference Handler" daemon [_thread_blocked, id=12685, stack(0x00007f17728cb000,0x00007f17729cc000)]
  0x00007f177800a000 JavaThread "main" [_thread_blocked, id=12681, stack(0x00007f17805ba000,0x00007f17806bb000)]

Other Threads:
  0x00007f1778071000 VMThread [stack: 0x00007f17729cc000,0x00007f1772acd000] [id=12684]
  0x00007f17780b4800 WatcherThread [stack: 0x00007f177213c000,0x00007f177223d000] [id=12691]

=>0x00007f1778021800 (exited) GCTaskThread [stack: 0x00007f177cc3c000,0x00007f177cd3d000] [id=12683]

VM state:at safepoint (normal execution)

VM Mutex/Monitor currently owned by a thread:  ([mutex/lock_event])
[0x00007f1778006490] Threads_lock - owner thread: 0x00007f1778071000
[0x00007f1778006990] Heap_lock - owner thread: 0x00007f177800a000

Heap
 PSYoungGen      total 221184K, used 35712K [0x00000000eca80000, 0x00000000ffd00000, 0x0000000100000000)
  eden space 130560K, 0% used [0x00000000eca80000,0x00000000eca80000,0x00000000f4a00000)
  from space 90624K, 39% used [0x00000000fa180000,0x00000000fc460000,0x00000000ffa00000)
  to   space 89600K, 0% used [0x00000000f4a00000,0x00000000f4a00000,0x00000000fa180000)
 ParOldGen       total 282624K, used 264189K [0x00000000c6000000, 0x00000000d7400000, 0x00000000eca80000)
  object space 282624K, 93% used [0x00000000c6000000,0x00000000d61ff718,0x00000000d7400000)
 PSPermGen       total 21504K, used 5340K [0x00000000bba00000, 0x00000000bcf00000, 0x00000000c6000000)
  object space 21504K, 24% used [0x00000000bba00000,0x00000000bbf37328,0x00000000bcf00000)

Card table byte_map: [0x00007f177cfc7000,0x00007f177d1eb000] byte_map_base: 0x00007f177c9ea000

Polling page: 0x00007f17806e2000

Code Cache  [0x00007f1775000000, 0x00007f1775270000, 0x00007f1778000000)
 total_blobs=548 nmethods=187 adapters=315 free_code_cache=48264Kb largest_free_block=49404160

Compilation events (10 events):
Event: 57,196 Thread 0x00007f17780a7800 nmethod 183 0x00007f17750dbfd0 code [0x00007f17750dc100, 0x00007f17750dc1b8]
Event: 57,196 Thread 0x00007f17780a7800  184             ilog.cplex.CpxQExpr::addCoefs (22 bytes)
Event: 57,201 Thread 0x00007f17780a7800 nmethod 184 0x00007f17750a5510 code [0x00007f17750a5680, 0x00007f17750a5aa8]
Event: 57,201 Thread 0x00007f17780a7800  185             ilog.cplex.CpxQExpr::addCoefs (71 bytes)
Event: 57,217 Thread 0x00007f17780a4800 nmethod 179 0x00007f17750dcfd0 code [0x00007f17750dd220, 0x00007f17750de288]
Event: 57,217 Thread 0x00007f17780a4800  186             ilog.cplex.CpxLinearExpr::addCoef (36 bytes)
Event: 57,220 Thread 0x00007f17780a7800 nmethod 185 0x00007f17750d1c50 code [0x00007f17750d1dc0, 0x00007f17750d2388]
Event: 57,220 Thread 0x00007f17780a7800  187 % !         dac.cba.simulador.RWA_Optimizer::initialize @ 523 (701 bytes)
Event: 57,227 Thread 0x00007f17780a4800 nmethod 186 0x00007f17750dc690 code [0x00007f17750dc800, 0x00007f17750dcc78]
Event: 57,245 Thread 0x00007f17780a7800 nmethod 187% 0x00007f17750dfa50 code [0x00007f17750dfc80, 0x00007f17750e0810]

GC Heap History (10 events):
Event: 69,308 GC heap after
Heap after GC invocations=50 (full 4):
 PSYoungGen      total 217600K, used 64448K [0x00000000eca80000, 0x00000000fff00000, 0x0000000100000000)
  eden space 120320K, 0% used [0x00000000eca80000,0x00000000eca80000,0x00000000f4000000)
  from space 97280K, 66% used [0x00000000fa000000,0x00000000fdef0020,0x00000000fff00000)
  to   space 97792K, 0% used [0x00000000f4000000,0x00000000f4000000,0x00000000f9f80000)
 ParOldGen       total 282624K, used 221725K [0x00000000c6000000, 0x00000000d7400000, 0x00000000eca80000)
  object space 282624K, 78% used [0x00000000c6000000,0x00000000d38876f8,0x00000000d7400000)
 PSPermGen       total 21504K, used 5340K [0x00000000bba00000, 0x00000000bcf00000, 0x00000000c6000000)
  object space 21504K, 24% used [0x00000000bba00000,0x00000000bbf37328,0x00000000bcf00000)
}
Event: 69,532 GC heap before
{Heap before GC invocations=51 (full 4):
 PSYoungGen      total 217600K, used 184768K [0x00000000eca80000, 0x00000000fff00000, 0x0000000100000000)
  eden space 120320K, 100% used [0x00000000eca80000,0x00000000f4000000,0x00000000f4000000)
  from space 97280K, 66% used [0x00000000fa000000,0x00000000fdef0020,0x00000000fff00000)
  to   space 97792K, 0% used [0x00000000f4000000,0x00000000f4000000,0x00000000f9f80000)
 ParOldGen       total 282624K, used 221725K [0x00000000c6000000, 0x00000000d7400000, 0x00000000eca80000)
  object space 282624K, 78% used [0x00000000c6000000,0x00000000d38876f8,0x00000000d7400000)
 PSPermGen       total 21504K, used 5340K [0x00000000bba00000, 0x00000000bcf00000, 0x00000000c6000000)
  object space 21504K, 24% used [0x00000000bba00000,0x00000000bbf37328,0x00000000bcf00000)
Event: 69,674 GC heap after
Heap after GC invocations=51 (full 4):
 PSYoungGen      total 180736K, used 60032K [0x00000000eca80000, 0x00000000ffc80000, 0x0000000100000000)
  eden space 120320K, 0% used [0x00000000eca80000,0x00000000eca80000,0x00000000f4000000)
  from space 60416K, 99% used [0x00000000f4000000,0x00000000f7aa0020,0x00000000f7b00000)
  to   space 95744K, 0% used [0x00000000f9f00000,0x00000000f9f00000,0x00000000ffc80000)
 ParOldGen       total 282624K, used 229517K [0x00000000c6000000, 0x00000000d7400000, 0x00000000eca80000)
  object space 282624K, 81% used [0x00000000c6000000,0x00000000d40236f8,0x00000000d7400000)
 PSPermGen       total 21504K, used 5340K [0x00000000bba00000, 0x00000000bcf00000, 0x00000000c6000000)
  object space 21504K, 24% used [0x00000000bba00000,0x00000000bbf37328,0x00000000bcf00000)
}
Event: 69,897 GC heap before
{Heap before GC invocations=52 (full 4):
 PSYoungGen      total 180736K, used 180352K [0x00000000eca80000, 0x00000000ffc80000, 0x0000000100000000)
  eden space 120320K, 100% used [0x00000000eca80000,0x00000000f4000000,0x00000000f4000000)
  from space 60416K, 99% used [0x00000000f4000000,0x00000000f7aa0020,0x00000000f7b00000)
  to   space 95744K, 0% used [0x00000000f9f00000,0x00000000f9f00000,0x00000000ffc80000)
 ParOldGen       total 282624K, used 229517K [0x00000000c6000000, 0x00000000d7400000, 0x00000000eca80000)
  object space 282624K, 81% used [0x00000000c6000000,0x00000000d40236f8,0x00000000d7400000)
 PSPermGen       total 21504K, used 5340K [0x00000000bba00000, 0x00000000bcf00000, 0x00000000c6000000)
  object space 21504K, 24% used [0x00000000bba00000,0x00000000bbf37328,0x00000000bcf00000)
Event: 70,031 GC heap after
Heap after GC invocations=52 (full 4):
 PSYoungGen      total 221696K, used 55008K [0x00000000eca80000, 0x0000000100000000, 0x0000000100000000)
  eden space 125952K, 0% used [0x00000000eca80000,0x00000000eca80000,0x00000000f4580000)
  from space 95744K, 57% used [0x00000000f9f00000,0x00000000fd4b8020,0x00000000ffc80000)
  to   space 91648K, 0% used [0x00000000f4580000,0x00000000f4580000,0x00000000f9f00000)
 ParOldGen       total 282624K, used 237877K [0x00000000c6000000, 0x00000000d7400000, 0x00000000eca80000)
  object space 282624K, 84% used [0x00000000c6000000,0x00000000d484d6f8,0x00000000d7400000)
 PSPermGen       total 21504K, used 5340K [0x00000000bba00000, 0x00000000bcf00000, 0x00000000c6000000)
  object space 21504K, 24% used [0x00000000bba00000,0x00000000bbf37328,0x00000000bcf00000)
}
Event: 70,265 GC heap before
{Heap before GC invocations=53 (full 4):
 PSYoungGen      total 221696K, used 180960K [0x00000000eca80000, 0x0000000100000000, 0x0000000100000000)
  eden space 125952K, 100% used [0x00000000eca80000,0x00000000f4580000,0x00000000f4580000)
  from space 95744K, 57% used [0x00000000f9f00000,0x00000000fd4b8020,0x00000000ffc80000)
  to   space 91648K, 0% used [0x00000000f4580000,0x00000000f4580000,0x00000000f9f00000)
 ParOldGen       total 282624K, used 237877K [0x00000000c6000000, 0x00000000d7400000, 0x00000000eca80000)
  object space 282624K, 84% used [0x00000000c6000000,0x00000000d484d6f8,0x00000000d7400000)
 PSPermGen       total 21504K, used 5340K [0x00000000bba00000, 0x00000000bcf00000, 0x00000000c6000000)
  object space 21504K, 24% used [0x00000000bba00000,0x00000000bbf37328,0x00000000bcf00000)
Event: 70,392 GC heap after
Heap after GC invocations=53 (full 4):
 PSYoungGen      total 217600K, used 41408K [0x00000000eca80000, 0x00000000ffa00000, 0x0000000100000000)
  eden space 125952K, 0% used [0x00000000eca80000,0x00000000eca80000,0x00000000f4580000)
  from space 91648K, 45% used [0x00000000f4580000,0x00000000f6df0000,0x00000000f9f00000)
  to   space 90624K, 0% used [0x00000000fa180000,0x00000000fa180000,0x00000000ffa00000)
 ParOldGen       total 282624K, used 254957K [0x00000000c6000000, 0x00000000d7400000, 0x00000000eca80000)
  object space 282624K, 90% used [0x00000000c6000000,0x00000000d58fb718,0x00000000d7400000)
 PSPermGen       total 21504K, used 5340K [0x00000000bba00000, 0x00000000bcf00000, 0x00000000c6000000)
  object space 21504K, 24% used [0x00000000bba00000,0x00000000bbf37328,0x00000000bcf00000)
}
Event: 70,625 GC heap before
{Heap before GC invocations=54 (full 4):
 PSYoungGen      total 217600K, used 167360K [0x00000000eca80000, 0x00000000ffa00000, 0x0000000100000000)
  eden space 125952K, 100% used [0x00000000eca80000,0x00000000f4580000,0x00000000f4580000)
  from space 91648K, 45% used [0x00000000f4580000,0x00000000f6df0000,0x00000000f9f00000)
  to   space 90624K, 0% used [0x00000000fa180000,0x00000000fa180000,0x00000000ffa00000)
 ParOldGen       total 282624K, used 254957K [0x00000000c6000000, 0x00000000d7400000, 0x00000000eca80000)
  object space 282624K, 90% used [0x00000000c6000000,0x00000000d58fb718,0x00000000d7400000)
 PSPermGen       total 21504K, used 5340K [0x00000000bba00000, 0x00000000bcf00000, 0x00000000c6000000)
  object space 21504K, 24% used [0x00000000bba00000,0x00000000bbf37328,0x00000000bcf00000)
Event: 70,734 GC heap after
Heap after GC invocations=54 (full 4):
 PSYoungGen      total 221184K, used 35712K [0x00000000eca80000, 0x00000000ffd00000, 0x0000000100000000)
  eden space 130560K, 0% used [0x00000000eca80000,0x00000000eca80000,0x00000000f4a00000)
  from space 90624K, 39% used [0x00000000fa180000,0x00000000fc460000,0x00000000ffa00000)
  to   space 89600K, 0% used [0x00000000f4a00000,0x00000000f4a00000,0x00000000fa180000)
 ParOldGen       total 282624K, used 264189K [0x00000000c6000000, 0x00000000d7400000, 0x00000000eca80000)
  object space 282624K, 93% used [0x00000000c6000000,0x00000000d61ff718,0x00000000d7400000)
 PSPermGen       total 21504K, used 5340K [0x00000000bba00000, 0x00000000bcf00000, 0x00000000c6000000)
  object space 21504K, 24% used [0x00000000bba00000,0x00000000bbf37328,0x00000000bcf00000)
}
Event: 70,734 GC heap before
{Heap before GC invocations=55 (full 5):
 PSYoungGen      total 221184K, used 35712K [0x00000000eca80000, 0x00000000ffd00000, 0x0000000100000000)
  eden space 130560K, 0% used [0x00000000eca80000,0x00000000eca80000,0x00000000f4a00000)
  from space 90624K, 39% used [0x00000000fa180000,0x00000000fc460000,0x00000000ffa00000)
  to   space 89600K, 0% used [0x00000000f4a00000,0x00000000f4a00000,0x00000000fa180000)
 ParOldGen       total 282624K, used 264189K [0x00000000c6000000, 0x00000000d7400000, 0x00000000eca80000)
  object space 282624K, 93% used [0x00000000c6000000,0x00000000d61ff718,0x00000000d7400000)
 PSPermGen       total 21504K, used 5340K [0x00000000bba00000, 0x00000000bcf00000, 0x00000000c6000000)
  object space 21504K, 24% used [0x00000000bba00000,0x00000000bbf37328,0x00000000bcf00000)

Deoptimization events (4 events):
Event: 2,690 Thread 0x00007f177800a000 Uncommon trap: reason=unreached action=reinterpret pc=0x00007f17750a7168 method=dac.cba.simulador.RWA_Optimizer.initialize(Ldac/cba/simulador/Network;Ljava/util/ArrayList;I)V @ 295
Event: 5,966 Thread 0x00007f177800a000 Uncommon trap: reason=unreached action=reinterpret pc=0x00007f17750aa0f4 method=dac.cba.simulador.RWA_Optimizer.initialize(Ldac/cba/simulador/Network;Ljava/util/ArrayList;I)V @ 502
Event: 6,008 Thread 0x00007f177800a000 Uncommon trap: reason=unreached action=reinterpret pc=0x00007f17750af6f4 method=ilog.cplex.CplexI.useVars([Lilog/cplex/CpxNumVar;IIZ)V @ 34
Event: 54,481 Thread 0x00007f177800a000 Uncommon trap: reason=unreached action=reinterpret pc=0x00007f17750b8864 method=dac.cba.simulador.RWA_Optimizer.initialize(Ldac/cba/simulador/Network;Ljava/util/ArrayList;I)V @ 631

Internal exceptions (10 events):
Event: 2,698 Thread 0x00007f177800a000 Threw 0x00000000ed0e2cc0 at /home/jmm/jdk/openjdk-7-7u79-2.5.6/build/openjdk/hotspot/src/share/vm/prims/jvm.cpp:1284
Event: 2,698 Thread 0x00007f177800a000 Threw 0x00000000ed0e96d8 at /home/jmm/jdk/openjdk-7-7u79-2.5.6/build/openjdk/hotspot/src/share/vm/prims/jvm.cpp:1284
Event: 2,699 Thread 0x00007f177800a000 Threw 0x00000000ed0ee760 at /home/jmm/jdk/openjdk-7-7u79-2.5.6/build/openjdk/hotspot/src/share/vm/prims/jvm.cpp:1284
Event: 2,700 Thread 0x00007f177800a000 Threw 0x00000000ed0f44a0 at /home/jmm/jdk/openjdk-7-7u79-2.5.6/build/openjdk/hotspot/src/share/vm/prims/jvm.cpp:1284
Event: 2,702 Thread 0x00007f177800a000 Threw 0x00000000ed0f90a8 at /home/jmm/jdk/openjdk-7-7u79-2.5.6/build/openjdk/hotspot/src/share/vm/prims/jvm.cpp:1284
Event: 2,703 Thread 0x00007f177800a000 Threw 0x00000000ed113c38 at /home/jmm/jdk/openjdk-7-7u79-2.5.6/build/openjdk/hotspot/src/share/vm/prims/jvm.cpp:1284
Event: 54,510 Thread 0x00007f177800a000 Threw 0x00000000f32a15e0 at /home/jmm/jdk/openjdk-7-7u79-2.5.6/build/openjdk/hotspot/src/share/vm/prims/jvm.cpp:1284
Event: 54,543 Thread 0x00007f177800a000 Threw 0x00000000f32a4b80 at /home/jmm/jdk/openjdk-7-7u79-2.5.6/build/openjdk/hotspot/src/share/vm/prims/jvm.cpp:1284
Event: 54,545 Thread 0x00007f177800a000 Threw 0x00000000f32a7bb0 at /home/jmm/jdk/openjdk-7-7u79-2.5.6/build/openjdk/hotspot/src/share/vm/prims/jvm.cpp:1284
Event: 54,546 Thread 0x00007f177800a000 Threw 0x00000000f32ab910 at /home/jmm/jdk/openjdk-7-7u79-2.5.6/build/openjdk/hotspot/src/share/vm/prims/jvm.cpp:1284

Events (10 events):
Event: 68,933 Executing VM operation: ParallelGCFailedAllocation done
Event: 69,156 Executing VM operation: ParallelGCFailedAllocation
Event: 69,308 Executing VM operation: ParallelGCFailedAllocation done
Event: 69,532 Executing VM operation: ParallelGCFailedAllocation
Event: 69,674 Executing VM operation: ParallelGCFailedAllocation done
Event: 69,897 Executing VM operation: ParallelGCFailedAllocation
Event: 70,031 Executing VM operation: ParallelGCFailedAllocation done
Event: 70,265 Executing VM operation: ParallelGCFailedAllocation
Event: 70,392 Executing VM operation: ParallelGCFailedAllocation done
Event: 70,625 Executing VM operation: ParallelGCFailedAllocation


Dynamic libraries:
00400000-00401000 r-xp 00000000 08:01 20319380                           /usr/lib/jvm/java-7-openjdk-amd64/jre/bin/java
00600000-00601000 r--p 00000000 08:01 20319380                           /usr/lib/jvm/java-7-openjdk-amd64/jre/bin/java
00601000-00602000 rw-p 00001000 08:01 20319380                           /usr/lib/jvm/java-7-openjdk-amd64/jre/bin/java
00648000-00669000 rw-p 00000000 00:00 0                                  [heap]
bba00000-bcf00000 rw-p 00000000 00:00 0 
bcf00000-c6000000 rw-p 00000000 00:00 0 
c6000000-d7400000 rw-p 00000000 00:00 0 
d7400000-eca80000 rw-p 00000000 00:00 0 
eca80000-ffd00000 rw-p 00000000 00:00 0 
ffd00000-100000000 ---p 00000000 00:00 0 
7f1702233000-7f170fbe0000 rw-p 00000000 00:00 0 
7f1719e4c000-7f1720b23000 rw-p 00000000 00:00 0 
7f1730000000-7f17338df000 rw-p 00000000 00:00 0 
7f17338df000-7f1734000000 ---p 00000000 00:00 0 
7f1736567000-7f17378f0000 rw-p 00000000 00:00 0 
7f17378f0000-7f1738c79000 rw-p 00000000 00:00 0 
7f1738c79000-7f173a002000 rw-p 00000000 00:00 0 
7f173a002000-7f173b38b000 rw-p 00000000 00:00 0 
7f173b38b000-7f173bd50000 rw-p 00000000 00:00 0 
7f173bd50000-7f173d0d9000 rw-p 00000000 00:00 0 
7f173f2ed000-7f174083f000 rw-p 00000000 00:00 0 
7f17410a4000-7f174242d000 rw-p 00000000 00:00 0 
7f1744000000-7f1744021000 rw-p 00000000 00:00 0 
7f1744021000-7f1748000000 ---p 00000000 00:00 0 
7f174a85e000-7f174bdc8000 r-xp 00000000 08:01 3560986                    /home/ruben/ibm/ILOG/CPLEX_Studio1251/cplex/bin/x86-64_sles10_4.1/libcplex1251remotejni.so
7f174bdc8000-7f174bec8000 ---p 0156a000 08:01 3560986                    /home/ruben/ibm/ILOG/CPLEX_Studio1251/cplex/bin/x86-64_sles10_4.1/libcplex1251remotejni.so
7f174bec8000-7f174bff7000 rw-p 0156a000 08:01 3560986                    /home/ruben/ibm/ILOG/CPLEX_Studio1251/cplex/bin/x86-64_sles10_4.1/libcplex1251remotejni.so
7f174bff7000-7f174c000000 rw-p 00000000 00:00 0 
7f174c000000-7f174c683000 rw-p 00000000 00:00 0 
7f174c683000-7f1750000000 ---p 00000000 00:00 0 
7f1750000000-7f1750021000 rw-p 00000000 00:00 0 
7f1750021000-7f1754000000 ---p 00000000 00:00 0 
7f1754000000-7f1754021000 rw-p 00000000 00:00 0 
7f1754021000-7f1758000000 ---p 00000000 00:00 0 
7f1758000000-7f17584d7000 rw-p 00000000 00:00 0 
7f17584d7000-7f175c000000 ---p 00000000 00:00 0 
7f175c000000-7f175c021000 rw-p 00000000 00:00 0 
7f175c021000-7f1760000000 ---p 00000000 00:00 0 
7f1760000000-7f1760021000 rw-p 00000000 00:00 0 
7f1760021000-7f1764000000 ---p 00000000 00:00 0 
7f1764000000-7f176438b000 rw-p 00000000 00:00 0 
7f176438b000-7f1768000000 ---p 00000000 00:00 0 
7f1768000000-7f1768021000 rw-p 00000000 00:00 0 
7f1768021000-7f176c000000 ---p 00000000 00:00 0 
7f176c000000-7f176c1e1000 rw-p 00000000 00:00 0 
7f176c1e1000-7f1770000000 ---p 00000000 00:00 0 
7f177027d000-7f1770681000 rw-p 00000000 00:00 0 
7f1770681000-7f1770692000 r-xp 00000000 08:01 20319309                   /usr/lib/jvm/java-7-openjdk-amd64/jre/lib/amd64/libnio.so
7f1770692000-7f1770891000 ---p 00011000 08:01 20319309                   /usr/lib/jvm/java-7-openjdk-amd64/jre/lib/amd64/libnio.so
7f1770891000-7f1770892000 r--p 00010000 08:01 20319309                   /usr/lib/jvm/java-7-openjdk-amd64/jre/lib/amd64/libnio.so
7f1770892000-7f1770893000 rw-p 00011000 08:01 20319309                   /usr/lib/jvm/java-7-openjdk-amd64/jre/lib/amd64/libnio.so
7f1770893000-7f1770b94000 rw-p 00000000 00:00 0 
7f1770b94000-7f1770c00000 r-xp 00000000 08:01 10485937                   /lib/x86_64-linux-gnu/libpcre.so.3.13.1
7f1770c00000-7f1770e00000 ---p 0006c000 08:01 10485937                   /lib/x86_64-linux-gnu/libpcre.so.3.13.1
7f1770e00000-7f1770e01000 r--p 0006c000 08:01 10485937                   /lib/x86_64-linux-gnu/libpcre.so.3.13.1
7f1770e01000-7f1770e02000 rw-p 0006d000 08:01 10485937                   /lib/x86_64-linux-gnu/libpcre.so.3.13.1
7f1770e02000-7f1770e09000 r-xp 00000000 08:01 18094725                   /usr/lib/x86_64-linux-gnu/libffi.so.6.0.2
7f1770e09000-7f1771008000 ---p 00007000 08:01 18094725                   /usr/lib/x86_64-linux-gnu/libffi.so.6.0.2
7f1771008000-7f1771009000 r--p 00006000 08:01 18094725                   /usr/lib/x86_64-linux-gnu/libffi.so.6.0.2
7f1771009000-7f177100a000 rw-p 00007000 08:01 18094725                   /usr/lib/x86_64-linux-gnu/libffi.so.6.0.2
7f177100a000-7f177101e000 r-xp 00000000 08:01 10485805                   /lib/x86_64-linux-gnu/libresolv-2.19.so
7f177101e000-7f177121d000 ---p 00014000 08:01 10485805                   /lib/x86_64-linux-gnu/libresolv-2.19.so
7f177121d000-7f177121e000 r--p 00013000 08:01 10485805                   /lib/x86_64-linux-gnu/libresolv-2.19.so
7f177121e000-7f177121f000 rw-p 00014000 08:01 10485805                   /lib/x86_64-linux-gnu/libresolv-2.19.so
7f177121f000-7f1771221000 rw-p 00000000 00:00 0 
7f1771221000-7f1771242000 r-xp 00000000 08:01 10485939                   /lib/x86_64-linux-gnu/libselinux.so.1
7f1771242000-7f1771442000 ---p 00021000 08:01 10485939                   /lib/x86_64-linux-gnu/libselinux.so.1
7f1771442000-7f1771443000 r--p 00021000 08:01 10485939                   /lib/x86_64-linux-gnu/libselinux.so.1
7f1771443000-7f1771444000 rw-p 00022000 08:01 10485939                   /lib/x86_64-linux-gnu/libselinux.so.1
7f1771444000-7f1771446000 rw-p 00000000 00:00 0 
7f1771446000-7f1771449000 r-xp 00000000 08:01 18094217                   /usr/lib/x86_64-linux-gnu/libgmodule-2.0.so.0.4200.1
7f1771449000-7f1771648000 ---p 00003000 08:01 18094217                   /usr/lib/x86_64-linux-gnu/libgmodule-2.0.so.0.4200.1
7f1771648000-7f1771649000 r--p 00002000 08:01 18094217                   /usr/lib/x86_64-linux-gnu/libgmodule-2.0.so.0.4200.1
7f1771649000-7f177164a000 rw-p 00003000 08:01 18094217                   /usr/lib/x86_64-linux-gnu/libgmodule-2.0.so.0.4200.1
7f177164a000-7f1771756000 r-xp 00000000 08:01 10486095                   /lib/x86_64-linux-gnu/libglib-2.0.so.0.4200.1
7f1771756000-7f1771956000 ---p 0010c000 08:01 10486095                   /lib/x86_64-linux-gnu/libglib-2.0.so.0.4200.1
7f1771956000-7f1771957000 r--p 0010c000 08:01 10486095                   /lib/x86_64-linux-gnu/libglib-2.0.so.0.4200.1
7f1771957000-7f1771958000 rw-p 0010d000 08:01 10486095                   /lib/x86_64-linux-gnu/libglib-2.0.so.0.4200.1
7f1771958000-7f1771959000 rw-p 00000000 00:00 0 
7f1771959000-7f17719aa000 r-xp 00000000 08:01 18094219                   /usr/lib/x86_64-linux-gnu/libgobject-2.0.so.0.4200.1
7f17719aa000-7f1771ba9000 ---p 00051000 08:01 18094219                   /usr/lib/x86_64-linux-gnu/libgobject-2.0.so.0.4200.1
7f1771ba9000-7f1771baa000 r--p 00050000 08:01 18094219                   /usr/lib/x86_64-linux-gnu/libgobject-2.0.so.0.4200.1
7f1771baa000-7f1771bab000 rw-p 00051000 08:01 18094219                   /usr/lib/x86_64-linux-gnu/libgobject-2.0.so.0.4200.1
7f1771bab000-7f1771d1c000 r-xp 00000000 08:01 18095194                   /usr/lib/x86_64-linux-gnu/libgio-2.0.so.0.4200.1
7f1771d1c000-7f1771f1c000 ---p 00171000 08:01 18095194                   /usr/lib/x86_64-linux-gnu/libgio-2.0.so.0.4200.1
7f1771f1c000-7f1771f20000 r--p 00171000 08:01 18095194                   /usr/lib/x86_64-linux-gnu/libgio-2.0.so.0.4200.1
7f1771f20000-7f1771f22000 rw-p 00175000 08:01 18095194                   /usr/lib/x86_64-linux-gnu/libgio-2.0.so.0.4200.1
7f1771f22000-7f1771f24000 rw-p 00000000 00:00 0 
7f1771f24000-7f1771f3b000 r-xp 00000000 08:01 20319334                   /usr/lib/jvm/java-7-openjdk-amd64/jre/lib/amd64/libnet.so
7f1771f3b000-7f177213a000 ---p 00017000 08:01 20319334                   /usr/lib/jvm/java-7-openjdk-amd64/jre/lib/amd64/libnet.so
7f177213a000-7f177213b000 r--p 00016000 08:01 20319334                   /usr/lib/jvm/java-7-openjdk-amd64/jre/lib/amd64/libnet.so
7f177213b000-7f177213c000 rw-p 00017000 08:01 20319334                   /usr/lib/jvm/java-7-openjdk-amd64/jre/lib/amd64/libnet.so
7f177213c000-7f177213d000 ---p 00000000 00:00 0 
7f177213d000-7f177223d000 rwxp 00000000 00:00 0                          [stack:12691]
7f177223d000-7f1772240000 ---p 00000000 00:00 0 
7f1772240000-7f177233e000 rwxp 00000000 00:00 0                          [stack:12690]
7f177233e000-7f1772341000 ---p 00000000 00:00 0 
7f1772341000-7f177243f000 rwxp 00000000 00:00 0                          [stack:12689]
7f177243f000-7f1772442000 ---p 00000000 00:00 0 
7f1772442000-7f1772540000 rwxp 00000000 00:00 0                          [stack:12688]
7f1772540000-7f1772543000 ---p 00000000 00:00 0 
7f1772543000-7f1772641000 rwxp 00000000 00:00 0                          [stack:12687]
7f1772641000-7f17727ca000 r--p 00000000 08:01 18090452                   /usr/lib/locale/locale-archive
7f17727ca000-7f17727cd000 ---p 00000000 00:00 0 
7f17727cd000-7f17728cb000 rwxp 00000000 00:00 0                          [stack:12686]
7f17728cb000-7f17728ce000 ---p 00000000 00:00 0 
7f17728ce000-7f17729cc000 rwxp 00000000 00:00 0                          [stack:12685]
7f17729cc000-7f17729cd000 ---p 00000000 00:00 0 
7f17729cd000-7f1772acd000 rwxp 00000000 00:00 0                          [stack:12684]
7f1772acd000-7f1775000000 rw-p 00000000 00:00 0 
7f1775000000-7f1775270000 rwxp 00000000 00:00 0 
7f1775270000-7f177bfee000 rw-p 00000000 00:00 0 
7f177bfee000-7f177c000000 ---p 00000000 00:00 0 
7f177c0b2000-7f177c0bd000 r--s 00070000 08:01 3672244                    /home/ruben/ibm/ILOG/CPLEX_Studio1251/cplex/lib/cplex.jar
7f177c0bd000-7f177c76f000 rw-p 00000000 00:00 0 
7f177c76f000-7f177c920000 r--s 01d29000 08:01 20319280                   /usr/lib/jvm/java-7-openjdk-amd64/jre/lib/rt.jar
7f177c920000-7f177cc3c000 rw-p 00000000 00:00 0 
7f177cc3c000-7f177cc3d000 ---p 00000000 00:00 0 
7f177cc3d000-7f177cd3d000 rwxp 00000000 00:00 0                          [stack:12683]
7f177cd3d000-7f177cd3e000 ---p 00000000 00:00 0 
7f177cd3e000-7f177ce3e000 rwxp 00000000 00:00 0                          [stack:12682]
7f177ce3e000-7f177ce49000 rw-p 00000000 00:00 0 
7f177ce49000-7f177ce91000 rw-p 00000000 00:00 0 
7f177ce91000-7f177cf1b000 rw-p 00000000 00:00 0 
7f177cf1b000-7f177cfc7000 rw-p 00000000 00:00 0 
7f177cfc7000-7f177cfd2000 rw-p 00000000 00:00 0 
7f177cfd2000-7f177d01a000 rw-p 00000000 00:00 0 
7f177d01a000-7f177d0a4000 rw-p 00000000 00:00 0 
7f177d0a4000-7f177d14f000 rw-p 00000000 00:00 0 
7f177d14f000-7f177d1e9000 rw-p 00000000 00:00 0 
7f177d1e9000-7f177d1ea000 ---p 00000000 00:00 0 
7f177d1ea000-7f177d1eb000 rw-p 00000000 00:00 0 
7f177d1eb000-7f177d1f3000 r-xp 00000000 08:01 20319304                   /usr/lib/jvm/java-7-openjdk-amd64/jre/lib/amd64/libzip.so
7f177d1f3000-7f177d3f2000 ---p 00008000 08:01 20319304                   /usr/lib/jvm/java-7-openjdk-amd64/jre/lib/amd64/libzip.so
7f177d3f2000-7f177d3f3000 r--p 00007000 08:01 20319304                   /usr/lib/jvm/java-7-openjdk-amd64/jre/lib/amd64/libzip.so
7f177d3f3000-7f177d3f4000 rw-p 00008000 08:01 20319304                   /usr/lib/jvm/java-7-openjdk-amd64/jre/lib/amd64/libzip.so
7f177d3f4000-7f177d3ff000 r-xp 00000000 08:01 10485795                   /lib/x86_64-linux-gnu/libnss_files-2.19.so
7f177d3ff000-7f177d5fe000 ---p 0000b000 08:01 10485795                   /lib/x86_64-linux-gnu/libnss_files-2.19.so
7f177d5fe000-7f177d5ff000 r--p 0000a000 08:01 10485795                   /lib/x86_64-linux-gnu/libnss_files-2.19.so
7f177d5ff000-7f177d600000 rw-p 0000b000 08:01 10485795                   /lib/x86_64-linux-gnu/libnss_files-2.19.so
7f177d600000-7f177d60a000 r-xp 00000000 08:01 10485799                   /lib/x86_64-linux-gnu/libnss_nis-2.19.so
7f177d60a000-7f177d809000 ---p 0000a000 08:01 10485799                   /lib/x86_64-linux-gnu/libnss_nis-2.19.so
7f177d809000-7f177d80a000 r--p 00009000 08:01 10485799                   /lib/x86_64-linux-gnu/libnss_nis-2.19.so
7f177d80a000-7f177d80b000 rw-p 0000a000 08:01 10485799                   /lib/x86_64-linux-gnu/libnss_nis-2.19.so
7f177d80b000-7f177d820000 r-xp 00000000 08:01 10485789                   /lib/x86_64-linux-gnu/libnsl-2.19.so
7f177d820000-7f177da1f000 ---p 00015000 08:01 10485789                   /lib/x86_64-linux-gnu/libnsl-2.19.so
7f177da1f000-7f177da20000 r--p 00014000 08:01 10485789                   /lib/x86_64-linux-gnu/libnsl-2.19.so
7f177da20000-7f177da21000 rw-p 00015000 08:01 10485789                   /lib/x86_64-linux-gnu/libnsl-2.19.so
7f177da21000-7f177da23000 rw-p 00000000 00:00 0 
7f177da23000-7f177da2a000 r-xp 00000000 08:01 10485791                   /lib/x86_64-linux-gnu/libnss_compat-2.19.so
7f177da2a000-7f177dc29000 ---p 00007000 08:01 10485791                   /lib/x86_64-linux-gnu/libnss_compat-2.19.so
7f177dc29000-7f177dc2a000 r--p 00006000 08:01 10485791                   /lib/x86_64-linux-gnu/libnss_compat-2.19.so
7f177dc2a000-7f177dc2b000 rw-p 00007000 08:01 10485791                   /lib/x86_64-linux-gnu/libnss_compat-2.19.so
7f177dc2b000-7f177dc58000 r-xp 00000000 08:01 20319345                   /usr/lib/jvm/java-7-openjdk-amd64/jre/lib/amd64/libjava.so
7f177dc58000-7f177de57000 ---p 0002d000 08:01 20319345                   /usr/lib/jvm/java-7-openjdk-amd64/jre/lib/amd64/libjava.so
7f177de57000-7f177de58000 r--p 0002c000 08:01 20319345                   /usr/lib/jvm/java-7-openjdk-amd64/jre/lib/amd64/libjava.so
7f177de58000-7f177de5a000 rw-p 0002d000 08:01 20319345                   /usr/lib/jvm/java-7-openjdk-amd64/jre/lib/amd64/libjava.so
7f177de5a000-7f177de69000 r-xp 00000000 08:01 20319300                   /usr/lib/jvm/java-7-openjdk-amd64/jre/lib/amd64/libverify.so
7f177de69000-7f177e068000 ---p 0000f000 08:01 20319300                   /usr/lib/jvm/java-7-openjdk-amd64/jre/lib/amd64/libverify.so
7f177e068000-7f177e06b000 r--p 0000e000 08:01 20319300                   /usr/lib/jvm/java-7-openjdk-amd64/jre/lib/amd64/libverify.so
7f177e06b000-7f177e06c000 rw-p 00011000 08:01 20319300                   /usr/lib/jvm/java-7-openjdk-amd64/jre/lib/amd64/libverify.so
7f177e06c000-7f177e073000 r-xp 00000000 08:01 10485982                   /lib/x86_64-linux-gnu/librt-2.19.so
7f177e073000-7f177e272000 ---p 00007000 08:01 10485982                   /lib/x86_64-linux-gnu/librt-2.19.so
7f177e272000-7f177e273000 r--p 00006000 08:01 10485982                   /lib/x86_64-linux-gnu/librt-2.19.so
7f177e273000-7f177e274000 rw-p 00007000 08:01 10485982                   /lib/x86_64-linux-gnu/librt-2.19.so
7f177e274000-7f177e28a000 r-xp 00000000 08:01 10485929                   /lib/x86_64-linux-gnu/libgcc_s.so.1
7f177e28a000-7f177e489000 ---p 00016000 08:01 10485929                   /lib/x86_64-linux-gnu/libgcc_s.so.1
7f177e489000-7f177e48a000 rw-p 00015000 08:01 10485929                   /lib/x86_64-linux-gnu/libgcc_s.so.1
7f177e48a000-7f177e58a000 r-xp 00000000 08:01 10485785                   /lib/x86_64-linux-gnu/libm-2.19.so
7f177e58a000-7f177e789000 ---p 00100000 08:01 10485785                   /lib/x86_64-linux-gnu/libm-2.19.so
7f177e789000-7f177e78a000 r--p 000ff000 08:01 10485785                   /lib/x86_64-linux-gnu/libm-2.19.so
7f177e78a000-7f177e78b000 rw-p 00100000 08:01 10485785                   /lib/x86_64-linux-gnu/libm-2.19.so
7f177e78b000-7f177e877000 r-xp 00000000 08:01 18088804                   /usr/lib/x86_64-linux-gnu/libstdc++.so.6.0.20
7f177e877000-7f177ea77000 ---p 000ec000 08:01 18088804                   /usr/lib/x86_64-linux-gnu/libstdc++.so.6.0.20
7f177ea77000-7f177ea7f000 r--p 000ec000 08:01 18088804                   /usr/lib/x86_64-linux-gnu/libstdc++.so.6.0.20
7f177ea7f000-7f177ea81000 rw-p 000f4000 08:01 18088804                   /usr/lib/x86_64-linux-gnu/libstdc++.so.6.0.20
7f177ea81000-7f177ea96000 rw-p 00000000 00:00 0 
7f177ea96000-7f177f5e3000 r-xp 00000000 08:01 20319312                   /usr/lib/jvm/java-7-openjdk-amd64/jre/lib/amd64/server/libjvm.so
7f177f5e3000-7f177f7e2000 ---p 00b4d000 08:01 20319312                   /usr/lib/jvm/java-7-openjdk-amd64/jre/lib/amd64/server/libjvm.so
7f177f7e2000-7f177f882000 r--p 00b4c000 08:01 20319312                   /usr/lib/jvm/java-7-openjdk-amd64/jre/lib/amd64/server/libjvm.so
7f177f882000-7f177f8a5000 rw-p 00bec000 08:01 20319312                   /usr/lib/jvm/java-7-openjdk-amd64/jre/lib/amd64/server/libjvm.so
7f177f8a5000-7f177f8d2000 rw-p 00000000 00:00 0 
7f177f8d2000-7f177f8ec000 r-xp 00000000 08:01 10485942                   /lib/x86_64-linux-gnu/libz.so.1.2.8
7f177f8ec000-7f177faeb000 ---p 0001a000 08:01 10485942                   /lib/x86_64-linux-gnu/libz.so.1.2.8
7f177faeb000-7f177faec000 r--p 00019000 08:01 10485942                   /lib/x86_64-linux-gnu/libz.so.1.2.8
7f177faec000-7f177faed000 rw-p 0001a000 08:01 10485942                   /lib/x86_64-linux-gnu/libz.so.1.2.8
7f177faed000-7f177fc8c000 r-xp 00000000 08:01 10485778                   /lib/x86_64-linux-gnu/libc-2.19.so
7f177fc8c000-7f177fe8c000 ---p 0019f000 08:01 10485778                   /lib/x86_64-linux-gnu/libc-2.19.so
7f177fe8c000-7f177fe90000 r--p 0019f000 08:01 10485778                   /lib/x86_64-linux-gnu/libc-2.19.so
7f177fe90000-7f177fe92000 rw-p 001a3000 08:01 10485778                   /lib/x86_64-linux-gnu/libc-2.19.so
7f177fe92000-7f177fe96000 rw-p 00000000 00:00 0 
7f177fe96000-7f177fe99000 r-xp 00000000 08:01 10485784                   /lib/x86_64-linux-gnu/libdl-2.19.so
7f177fe99000-7f1780098000 ---p 00003000 08:01 10485784                   /lib/x86_64-linux-gnu/libdl-2.19.so
7f1780098000-7f1780099000 r--p 00002000 08:01 10485784                   /lib/x86_64-linux-gnu/libdl-2.19.so
7f1780099000-7f178009a000 rw-p 00003000 08:01 10485784                   /lib/x86_64-linux-gnu/libdl-2.19.so
7f178009a000-7f17800a7000 r-xp 00000000 08:01 20319303                   /usr/lib/jvm/java-7-openjdk-amd64/jre/lib/amd64/jli/libjli.so
7f17800a7000-7f17802a6000 ---p 0000d000 08:01 20319303                   /usr/lib/jvm/java-7-openjdk-amd64/jre/lib/amd64/jli/libjli.so
7f17802a6000-7f17802a7000 r--p 0000c000 08:01 20319303                   /usr/lib/jvm/java-7-openjdk-amd64/jre/lib/amd64/jli/libjli.so
7f17802a7000-7f17802a8000 rw-p 0000d000 08:01 20319303                   /usr/lib/jvm/java-7-openjdk-amd64/jre/lib/amd64/jli/libjli.so
7f17802a8000-7f17802c0000 r-xp 00000000 08:01 10485766                   /lib/x86_64-linux-gnu/libpthread-2.19.so
7f17802c0000-7f17804bf000 ---p 00018000 08:01 10485766                   /lib/x86_64-linux-gnu/libpthread-2.19.so
7f17804bf000-7f17804c0000 r--p 00017000 08:01 10485766                   /lib/x86_64-linux-gnu/libpthread-2.19.so
7f17804c0000-7f17804c1000 rw-p 00018000 08:01 10485766                   /lib/x86_64-linux-gnu/libpthread-2.19.so
7f17804c1000-7f17804c5000 rw-p 00000000 00:00 0 
7f17804c5000-7f17804e5000 r-xp 00000000 08:01 10485767                   /lib/x86_64-linux-gnu/ld-2.19.so
7f17804e8000-7f17804e9000 rw-p 00000000 00:00 0 
7f17804e9000-7f17804ed000 r--s 0003c000 08:01 20319296                   /usr/lib/jvm/java-7-openjdk-amd64/jre/lib/ext/sunpkcs11.jar
7f17804ed000-7f17804ef000 r--s 00006000 08:01 18876635                   /usr/share/java/java-atk-wrapper.jar
7f17804ef000-7f17804f3000 r--s 00034000 08:01 20319297                   /usr/lib/jvm/java-7-openjdk-amd64/jre/lib/ext/sunjce_provider.jar
7f17804f3000-7f17804f6000 r--s 0000f000 08:01 20319294                   /usr/lib/jvm/java-7-openjdk-amd64/jre/lib/ext/icedtea-sound.jar
7f17804f6000-7f17804fa000 r--s 00085000 08:01 20319292                   /usr/lib/jvm/java-7-openjdk-amd64/jre/lib/ext/localedata.jar
7f17804fa000-7f1780504000 rw-p 00000000 00:00 0 
7f1780504000-7f17805ba000 rw-p 00000000 00:00 0 
7f17805ba000-7f17805bd000 ---p 00000000 00:00 0 
7f17805bd000-7f17806bb000 rwxp 00000000 00:00 0                          [stack:12681]
7f17806bb000-7f17806c0000 rw-p 00000000 00:00 0 
7f17806c0000-7f17806c2000 r--s 00012000 08:01 20319291                   /usr/lib/jvm/java-7-openjdk-amd64/jre/lib/ext/zipfs.jar
7f17806c2000-7f17806c3000 r--s 00002000 08:01 20319293                   /usr/lib/jvm/java-7-openjdk-amd64/jre/lib/ext/dnsns.jar
7f17806c3000-7f17806d9000 rw-p 00000000 00:00 0 
7f17806d9000-7f17806e1000 rw-s 00000000 08:01 22544552                   /tmp/hsperfdata_ruben/12675
7f17806e1000-7f17806e2000 rw-p 00000000 00:00 0 
7f17806e2000-7f17806e3000 ---p 00000000 00:00 0 
7f17806e3000-7f17806e5000 rw-p 00000000 00:00 0 
7f17806e5000-7f17806e6000 r--p 00020000 08:01 10485767                   /lib/x86_64-linux-gnu/ld-2.19.so
7f17806e6000-7f17806e7000 rw-p 00021000 08:01 10485767                   /lib/x86_64-linux-gnu/ld-2.19.so
7f17806e7000-7f17806e8000 rw-p 00000000 00:00 0 
7ffc7f71b000-7ffc7f73c000 rwxp 00000000 00:00 0                          [stack]
7ffc7f755000-7ffc7f757000 r-xp 00000000 00:00 0                          [vdso]
7ffc7f757000-7ffc7f759000 r--p 00000000 00:00 0                          [vvar]
ffffffffff600000-ffffffffff601000 r-xp 00000000 00:00 0                  [vsyscall]

VM Arguments:
jvm_args: -Djava.library.path=/home/ruben/ibm/ILOG/CPLEX_Studio1251/cplex/bin/x86-64_sles10_4.1/ -Dfile.encoding=UTF-8 
java_command: dac.cba.simulador.Simulador
Launcher Type: SUN_STANDARD

Environment Variables:
PATH=/usr/local/bin:/usr/bin:/bin:/usr/local/games:/usr/games
USERNAME=ruben
SHELL=/bin/bash
DISPLAY=:0

Signal Handlers:
SIGSEGV: [libjvm.so+0x980c90], sa_mask[0]=0x7ffbfeff, sa_flags=0x10000004
SIGBUS: [libjvm.so+0x980c90], sa_mask[0]=0x7ffbfeff, sa_flags=0x10000004
SIGFPE: [libjvm.so+0x7eebc0], sa_mask[0]=0x7ffbfeff, sa_flags=0x10000004
SIGPIPE: [libjvm.so+0x7eebc0], sa_mask[0]=0x7ffbfeff, sa_flags=0x10000004
SIGXFSZ: [libjvm.so+0x7eebc0], sa_mask[0]=0x7ffbfeff, sa_flags=0x10000004
SIGILL: [libjvm.so+0x7eebc0], sa_mask[0]=0x7ffbfeff, sa_flags=0x10000004
SIGUSR1: SIG_DFL, sa_mask[0]=0x00000000, sa_flags=0x00000000
SIGUSR2: [libjvm.so+0x7eea40], sa_mask[0]=0x00000004, sa_flags=0x10000004
SIGHUP: [libjvm.so+0x7eec40], sa_mask[0]=0x7ffbfeff, sa_flags=0x10000004
SIGINT: [libjvm.so+0x7eec40], sa_mask[0]=0x7ffbfeff, sa_flags=0x10000004
SIGTERM: [libjvm.so+0x7eec40], sa_mask[0]=0x7ffbfeff, sa_flags=0x10000004
SIGQUIT: [libjvm.so+0x7eec40], sa_mask[0]=0x7ffbfeff, sa_flags=0x10000004
SIGTRAP: SIG_DFL, sa_mask[0]=0x00000000, sa_flags=0x00000000


---------------  S Y S T E M  ---------------

OS:8.2

uname:Linux 3.16.0-4-amd64 #1 SMP Debian 3.16.7-ckt11-1+deb8u5 (2015-10-09) x86_64
libc:glibc 2.19 NPTL 2.19 
rlimit: STACK 8192k, CORE 0k, NPROC 14770, NOFILE 65536, AS infinity
load average:1,47 1,07 0,76

/proc/meminfo:
MemTotal:        3798152 kB
MemFree:          124400 kB
MemAvailable:      90788 kB
Buffers:             352 kB
Cached:           408828 kB
SwapCached:        74984 kB
Active:          2754052 kB
Inactive:         734072 kB
Active(anon):    2726624 kB
Inactive(anon):   705348 kB
Active(file):      27428 kB
Inactive(file):    28724 kB
Unevictable:          48 kB
Mlocked:              48 kB
SwapTotal:       3660796 kB
SwapFree:        1530396 kB
Dirty:                76 kB
Writeback:             0 kB
AnonPages:       3063624 kB
Mapped:           235160 kB
Shmem:            352668 kB
Slab:              82964 kB
SReclaimable:      45556 kB
SUnreclaim:        37408 kB
KernelStack:       11168 kB
PageTables:        61784 kB
NFS_Unstable:          0 kB
Bounce:                0 kB
WritebackTmp:          0 kB
CommitLimit:     5559872 kB
Committed_AS:   10497604 kB
VmallocTotal:   34359738367 kB
VmallocUsed:      347228 kB
VmallocChunk:   34359385084 kB
HardwareCorrupted:     0 kB
AnonHugePages:         0 kB
HugePages_Total:       0
HugePages_Free:        0
HugePages_Rsvd:        0
HugePages_Surp:        0
Hugepagesize:       2048 kB
DirectMap4k:       91648 kB
DirectMap2M:     3837952 kB


CPU:total 2 (2 cores per cpu, 1 threads per core) family 6 model 23 stepping 10, cmov, cx8, fxsr, mmx, sse, sse2, sse3, ssse3, sse4.1, tsc

/proc/cpuinfo:
processor	: 0
vendor_id	: GenuineIntel
cpu family	: 6
model		: 23
model name	: Intel(R) Core(TM)2 Duo CPU     E7600  @ 3.06GHz
stepping	: 10
microcode	: 0xa07
cpu MHz		: 3059.033
cache size	: 3072 KB
physical id	: 0
siblings	: 2
core id		: 0
cpu cores	: 2
apicid		: 0
initial apicid	: 0
fpu		: yes
fpu_exception	: yes
cpuid level	: 13
wp		: yes
flags		: fpu vme de pse tsc msr pae mce cx8 apic sep mtrr pge mca cmov pat pse36 clflush dts acpi mmx fxsr sse sse2 ss ht tm pbe syscall nx lm constant_tsc arch_perfmon pebs bts rep_good nopl aperfmperf pni dtes64 monitor ds_cpl vmx est tm2 ssse3 cx16 xtpr pdcm sse4_1 xsave lahf_lm dtherm tpr_shadow vnmi flexpriority
bogomips	: 6118.06
clflush size	: 64
cache_alignment	: 64
address sizes	: 36 bits physical, 48 bits virtual
power management:

processor	: 1
vendor_id	: GenuineIntel
cpu family	: 6
model		: 23
model name	: Intel(R) Core(TM)2 Duo CPU     E7600  @ 3.06GHz
stepping	: 10
microcode	: 0xa07
cpu MHz		: 3059.033
cache size	: 3072 KB
physical id	: 0
siblings	: 2
core id		: 1
cpu cores	: 2
apicid		: 1
initial apicid	: 1
fpu		: yes
fpu_exception	: yes
cpuid level	: 13
wp		: yes
flags		: fpu vme de pse tsc msr pae mce cx8 apic sep mtrr pge mca cmov pat pse36 clflush dts acpi mmx fxsr sse sse2 ss ht tm pbe syscall nx lm constant_tsc arch_perfmon pebs bts rep_good nopl aperfmperf pni dtes64 monitor ds_cpl vmx est tm2 ssse3 cx16 xtpr pdcm sse4_1 xsave lahf_lm dtherm tpr_shadow vnmi flexpriority
bogomips	: 6118.06
clflush size	: 64
cache_alignment	: 64
address sizes	: 36 bits physical, 48 bits virtual
power management:



Memory: 4k page, physical 3798152k(124400k free), swap 3660796k(1530396k free)

vm_info: OpenJDK 64-Bit Server VM (24.79-b02) for linux-amd64 JRE (1.7.0_79-b14), built on Jul 24 2015 11:04:00 by "jmm" with gcc 4.9.2

time: Thu Nov 12 13:20:45 2015
elapsed time: 71 seconds

